intermediates/manifest_merge_blame_file/debug/processDebugMainManifest/manifest-merger-blame-debug-report.txt
1<?xml version="1.0" encoding="utf-8"?>
2<manifest xmlns:android="http://schemas.android.com/apk/res/android"
3    package="com.angy.school"
4    android:versionCode="1"
5    android:versionName="1.0" >
6
7    <uses-sdk
8        android:minSdkVersion="24"
9        android:targetSdkVersion="34" />
10
11    <uses-permission android:name="android.permission.INTERNET" />
11-->src/main/AndroidManifest.xml:5:5-67
11-->src/main/AndroidManifest.xml:5:22-64
12
13    <permission
13-->[androidx.core:core:1.10.1] AndroidManifest.xml:22:5-24:47
14        android:name="com.angy.school.DYNAMIC_RECEIVER_NOT_EXPORTED_PERMISSION"
14-->[androidx.core:core:1.10.1] AndroidManifest.xml:23:9-81
15        android:protectionLevel="signature" />
15-->[androidx.core:core:1.10.1] AndroidManifest.xml:24:9-44
16
17    <uses-permission android:name="com.angy.school.DYNAMIC_RECEIVER_NOT_EXPORTED_PERMISSION" />
17-->[androidx.core:core:1.10.1] AndroidManifest.xml:26:5-97
17-->[androidx.core:core:1.10.1] AndroidManifest.xml:26:22-94
18
19    <application
19-->src/main/AndroidManifest.xml:6:5-62:19
20        android:allowBackup="true"
20-->src/main/AndroidManifest.xml:7:9-35
21        android:appComponentFactory="androidx.core.app.CoreComponentFactory"
21-->[androidx.core:core:1.10.1] AndroidManifest.xml:28:18-86
22        android:dataExtractionRules="@xml/data_extraction_rules"
22-->src/main/AndroidManifest.xml:8:9-65
23        android:debuggable="true"
24        android:extractNativeLibs="false"
25        android:fullBackupContent="@xml/backup_rules"
25-->src/main/AndroidManifest.xml:9:9-54
26        android:icon="@mipmap/ic_launcher"
26-->src/main/AndroidManifest.xml:10:9-43
27        android:label="@string/app_name"
27-->src/main/AndroidManifest.xml:11:9-41
28        android:roundIcon="@mipmap/ic_launcher_round"
28-->src/main/AndroidManifest.xml:12:9-54
29        android:supportsRtl="true"
29-->src/main/AndroidManifest.xml:13:9-35
30        android:theme="@style/Theme.School" >
30-->src/main/AndroidManifest.xml:14:9-44
31        <activity
31-->src/main/AndroidManifest.xml:16:9-20:51
32            android:name="com.angy.school.AssgiActivity"
32-->src/main/AndroidManifest.xml:17:13-42
33            android:exported="false"
33-->src/main/AndroidManifest.xml:18:13-37
34            android:label="@string/title_activity_assgi"
34-->src/main/AndroidManifest.xml:19:13-57
35            android:theme="@style/Theme.School" />
35-->src/main/AndroidManifest.xml:20:13-48
36        <activity
36-->src/main/AndroidManifest.xml:21:9-25:51
37            android:name="com.angy.school.GridActivity"
37-->src/main/AndroidManifest.xml:22:13-41
38            android:exported="false"
38-->src/main/AndroidManifest.xml:23:13-37
39            android:label="@string/title_activity_grid"
39-->src/main/AndroidManifest.xml:24:13-56
40            android:theme="@style/Theme.School" />
40-->src/main/AndroidManifest.xml:25:13-48
41        <activity
41-->src/main/AndroidManifest.xml:26:9-30:51
42            android:name="com.angy.school.CardActivity"
42-->src/main/AndroidManifest.xml:27:13-41
43            android:exported="false"
43-->src/main/AndroidManifest.xml:28:13-37
44            android:label="@string/title_activity_card"
44-->src/main/AndroidManifest.xml:29:13-56
45            android:theme="@style/Theme.School" />
45-->src/main/AndroidManifest.xml:30:13-48
46        <activity
46-->src/main/AndroidManifest.xml:31:9-35:51
47            android:name="com.angy.school.ScrollActivity"
47-->src/main/AndroidManifest.xml:32:13-43
48            android:exported="false"
48-->src/main/AndroidManifest.xml:33:13-37
49            android:label="@string/title_activity_scroll"
49-->src/main/AndroidManifest.xml:34:13-58
50            android:theme="@style/Theme.School" />
50-->src/main/AndroidManifest.xml:35:13-48
51        <activity
51-->src/main/AndroidManifest.xml:36:9-40:51
52            android:name="com.angy.school.InputActivity"
52-->src/main/AndroidManifest.xml:37:13-42
53            android:exported="false"
53-->src/main/AndroidManifest.xml:38:13-37
54            android:label="@string/title_activity_input"
54-->src/main/AndroidManifest.xml:39:13-57
55            android:theme="@style/Theme.School" />
55-->src/main/AndroidManifest.xml:40:13-48
56        <activity
56-->src/main/AndroidManifest.xml:41:9-45:51
57            android:name="com.angy.school.ImageActivity2"
57-->src/main/AndroidManifest.xml:42:13-43
58            android:exported="false"
58-->src/main/AndroidManifest.xml:43:13-37
59            android:label="@string/title_activity_image2"
59-->src/main/AndroidManifest.xml:44:13-58
60            android:theme="@style/Theme.School" />
60-->src/main/AndroidManifest.xml:45:13-48
61        <activity
61-->src/main/AndroidManifest.xml:46:9-50:51
62            android:name="com.angy.school.AboutActivity"
62-->src/main/AndroidManifest.xml:47:13-42
63            android:exported="false"
63-->src/main/AndroidManifest.xml:48:13-37
64            android:label="@string/title_activity_about"
64-->src/main/AndroidManifest.xml:49:13-57
65            android:theme="@style/Theme.School" />
65-->src/main/AndroidManifest.xml:50:13-48
66        <activity
66-->src/main/AndroidManifest.xml:51:9-61:20
67            android:name="com.angy.school.MainActivity"
67-->src/main/AndroidManifest.xml:52:13-41
68            android:exported="true"
68-->src/main/AndroidManifest.xml:53:13-36
69            android:label="@string/app_name"
69-->src/main/AndroidManifest.xml:54:13-45
70            android:theme="@style/Theme.Kabuchi" >
70-->src/main/AndroidManifest.xml:55:13-49
71            <intent-filter>
71-->src/main/AndroidManifest.xml:56:13-60:29
72                <action android:name="android.intent.action.MAIN" />
72-->src/main/AndroidManifest.xml:57:17-69
72-->src/main/AndroidManifest.xml:57:25-66
73
74                <category android:name="android.intent.category.LAUNCHER" />
74-->src/main/AndroidManifest.xml:59:17-77
74-->src/main/AndroidManifest.xml:59:27-74
75            </intent-filter>
76        </activity>
77        <activity
77-->[androidx.compose.ui:ui-tooling-android:1.5.0] AndroidManifest.xml:23:9-25:39
78            android:name="androidx.compose.ui.tooling.PreviewActivity"
78-->[androidx.compose.ui:ui-tooling-android:1.5.0] AndroidManifest.xml:24:13-71
79            android:exported="true" />
79-->[androidx.compose.ui:ui-tooling-android:1.5.0] AndroidManifest.xml:25:13-36
80        <activity
80-->[androidx.compose.ui:ui-test-manifest:1.5.0] AndroidManifest.xml:23:9-25:39
81            android:name="androidx.activity.ComponentActivity"
81-->[androidx.compose.ui:ui-test-manifest:1.5.0] AndroidManifest.xml:24:13-63
82            android:exported="true" />
82-->[androidx.compose.ui:ui-test-manifest:1.5.0] AndroidManifest.xml:25:13-36
83
84        <provider
84-->[androidx.emoji2:emoji2:1.4.0] AndroidManifest.xml:24:9-32:20
85            android:name="androidx.startup.InitializationProvider"
85-->[androidx.emoji2:emoji2:1.4.0] AndroidManifest.xml:25:13-67
86            android:authorities="com.angy.school.androidx-startup"
86-->[androidx.emoji2:emoji2:1.4.0] AndroidManifest.xml:26:13-68
87            android:exported="false" >
87-->[androidx.emoji2:emoji2:1.4.0] AndroidManifest.xml:27:13-37
88            <meta-data
88-->[androidx.emoji2:emoji2:1.4.0] AndroidManifest.xml:29:13-31:52
89                android:name="androidx.emoji2.text.EmojiCompatInitializer"
89-->[androidx.emoji2:emoji2:1.4.0] AndroidManifest.xml:30:17-75
90                android:value="androidx.startup" />
90-->[androidx.emoji2:emoji2:1.4.0] AndroidManifest.xml:31:17-49
91            <meta-data
91-->[androidx.lifecycle:lifecycle-process:2.6.1] AndroidManifest.xml:29:13-31:52
92                android:name="androidx.lifecycle.ProcessLifecycleInitializer"
92-->[androidx.lifecycle:lifecycle-process:2.6.1] AndroidManifest.xml:30:17-78
93                android:value="androidx.startup" />
93-->[androidx.lifecycle:lifecycle-process:2.6.1] AndroidManifest.xml:31:17-49
94            <meta-data
94-->[androidx.profileinstaller:profileinstaller:1.3.0] AndroidManifest.xml:29:13-31:52
95                android:name="androidx.profileinstaller.ProfileInstallerInitializer"
95-->[androidx.profileinstaller:profileinstaller:1.3.0] AndroidManifest.xml:30:17-85
96                android:value="androidx.startup" />
96-->[androidx.profileinstaller:profileinstaller:1.3.0] AndroidManifest.xml:31:17-49
97        </provider>
98
99        <receiver
99-->[androidx.profileinstaller:profileinstaller:1.3.0] AndroidManifest.xml:34:9-52:20
100            android:name="androidx.profileinstaller.ProfileInstallReceiver"
100-->[androidx.profileinstaller:profileinstaller:1.3.0] AndroidManifest.xml:35:13-76
101            android:directBootAware="false"
101-->[androidx.profileinstaller:profileinstaller:1.3.0] AndroidManifest.xml:36:13-44
102            android:enabled="true"
102-->[androidx.profileinstaller:profileinstaller:1.3.0] AndroidManifest.xml:37:13-35
103            android:exported="true"
103-->[androidx.profileinstaller:profileinstaller:1.3.0] AndroidManifest.xml:38:13-36
104            android:permission="android.permission.DUMP" >
104-->[androidx.profileinstaller:profileinstaller:1.3.0] AndroidManifest.xml:39:13-57
105            <intent-filter>
105-->[androidx.profileinstaller:profileinstaller:1.3.0] AndroidManifest.xml:40:13-42:29
106                <action android:name="androidx.profileinstaller.action.INSTALL_PROFILE" />
106-->[androidx.profileinstaller:profileinstaller:1.3.0] AndroidManifest.xml:41:17-91
106-->[androidx.profileinstaller:profileinstaller:1.3.0] AndroidManifest.xml:41:25-88
107            </intent-filter>
108            <intent-filter>
108-->[androidx.profileinstaller:profileinstaller:1.3.0] AndroidManifest.xml:43:13-45:29
109                <action android:name="androidx.profileinstaller.action.SKIP_FILE" />
109-->[androidx.profileinstaller:profileinstaller:1.3.0] AndroidManifest.xml:44:17-85
109-->[androidx.profileinstaller:profileinstaller:1.3.0] AndroidManifest.xml:44:25-82
110            </intent-filter>
111            <intent-filter>
111-->[androidx.profileinstaller:profileinstaller:1.3.0] AndroidManifest.xml:46:13-48:29
112                <action android:name="androidx.profileinstaller.action.SAVE_PROFILE" />
112-->[androidx.profileinstaller:profileinstaller:1.3.0] AndroidManifest.xml:47:17-88
112-->[androidx.profileinstaller:profileinstaller:1.3.0] AndroidManifest.xml:47:25-85
113            </intent-filter>
114            <intent-filter>
114-->[androidx.profileinstaller:profileinstaller:1.3.0] AndroidManifest.xml:49:13-51:29
115                <action android:name="androidx.profileinstaller.action.BENCHMARK_OPERATION" />
115-->[androidx.profileinstaller:profileinstaller:1.3.0] AndroidManifest.xml:50:17-95
115-->[androidx.profileinstaller:profileinstaller:1.3.0] AndroidManifest.xml:50:25-92
116            </intent-filter>
117        </receiver>
118    </application>
119
120</manifest>